# JRE version: OpenJDK Runtime Environment Temurin-21.0.6+7 (21.0.6+7) (build 21.0.6+7-LTS)
# Java VM: OpenJDK 64-Bit Server VM Temurin-21.0.6+7 (21.0.6+7-LTS, mixed mode, sharing, tiered, compressed oops, compressed class ptrs, g1 gc, windows-amd64)
GC Precious Log:
 CardTable entry size: 512
 Card Set container configuration: InlinePtr #cards 5 size 8 Array Of Cards #cards 12 size 40 Howl #buckets 4 coarsen threshold 1843 Howl Bitmap #cards 512 size 80 coarsen threshold 460 Card regions per heap region 1 cards per card region 2048
 CPUs: 4 total, 4 available
 Memory: 3530M
 Large Page Support: Disabled
 NUMA Support: Disabled
 Compressed Oops: Enabled (32-bit)
 Heap Region Size: 1M
 Heap Min Capacity: 8M
 Heap Initial Capacity: 56M
 Heap Max Capacity: 884M
 Pre-touch: Disabled
 Parallel Workers: 4
 Concurrent Workers: 1
 Concurrent Refinement Workers: 4
 Periodic GC: Disabled
Heap:
 garbage-first heap   total 48128K, used 13930K [0x00000000c8c00000, 0x0000000100000000)
  region size 1024K, 2 young (2048K), 1 survivors (1024K)
 Metaspace       used 21163K, committed 21632K, reserved 1114112K
  class space    used 2568K, committed 2752K, reserved 1048576K
GC Heap History (8 events):
Event: 6.531 GC heap before
{Heap before GC invocations=0 (full 0):
 garbage-first heap   total 57344K, used 15360K [0x00000000c8c00000, 0x0000000100000000)
  region size 1024K, 13 young (13312K), 0 survivors (0K)
 Metaspace       used 3344K, committed 3520K, reserved 1114112K
  class space    used 355K, committed 448K, reserved 1048576K
}
Event: 6.671 GC heap after
{Heap after GC invocations=1 (full 0):
 garbage-first heap   total 57344K, used 6656K [0x00000000c8c00000, 0x0000000100000000)
  region size 1024K, 2 young (2048K), 2 survivors (2048K)
 Metaspace       used 3344K, committed 3520K, reserved 1114112K
  class space    used 355K, committed 448K, reserved 1048576K
}
Event: 8.773 GC heap before
{Heap before GC invocations=1 (full 0):
 garbage-first heap   total 57344K, used 15872K [0x00000000c8c00000, 0x0000000100000000)
  region size 1024K, 12 young (12288K), 2 survivors (2048K)
 Metaspace       used 6782K, committed 6976K, reserved 1114112K
  class space    used 792K, committed 896K, reserved 1048576K
}
Event: 8.782 GC heap after
{Heap after GC invocations=2 (full 0):
 garbage-first heap   total 57344K, used 8074K [0x00000000c8c00000, 0x0000000100000000)
  region size 1024K, 2 young (2048K), 2 survivors (2048K)
 Metaspace       used 6782K, committed 6976K, reserved 1114112K
  class space    used 792K, committed 896K, reserved 1048576K
}
Event: 11.205 GC heap before
{Heap before GC invocations=2 (full 0):
 garbage-first heap   total 57344K, used 31626K [0x00000000c8c00000, 0x0000000100000000)
  region size 1024K, 26 young (26624K), 2 survivors (2048K)
 Metaspace       used 13112K, committed 13504K, reserved 1114112K
  class space    used 1626K, committed 1792K, reserved 1048576K
}
Event: 11.213 GC heap after
{Heap after GC invocations=3 (full 0):
 garbage-first heap   total 57344K, used 10402K [0x00000000c8c00000, 0x0000000100000000)
  region size 1024K, 4 young (4096K), 4 survivors (4096K)
 Metaspace       used 13112K, committed 13504K, reserved 1114112K
  class space    used 1626K, committed 1792K, reserved 1048576K
}
Event: 13.953 GC heap before
{Heap before GC invocations=3 (full 0):
 garbage-first heap   total 57344K, used 39074K [0x00000000c8c00000, 0x0000000100000000)
  region size 1024K, 33 young (33792K), 4 survivors (4096K)
 Metaspace       used 19900K, committed 20288K, reserved 1114112K
  class space    used 2424K, committed 2624K, reserved 1048576K
}
Event: 13.965 GC heap after
{Heap after GC invocations=4 (full 0):
 garbage-first heap   total 57344K, used 13040K [0x00000000c8c00000, 0x0000000100000000)
  region size 1024K, 5 young (5120K), 5 survivors (5120K)
 Metaspace       used 19900K, committed 20288K, reserved 1114112K
  class space    used 2424K, committed 2624K, reserved 1048576K
}

